INFO:     Started server process [6248]
INFO:     Waiting for application startup.
INFO:     Application startup complete.
INFO:     Uvicorn running on http://127.0.0.1:8001 (Press CTRL+C to quit)
Execution of job "scheduled_monitor (trigger: interval[0:00:30], next run at: 2026-04-27 21:46:01 WAT)" skipped: maximum number of running instances reached (1)
Execution of job "scheduled_monitor (trigger: interval[0:00:30], next run at: 2026-04-27 21:46:31 WAT)" skipped: maximum number of running instances reached (1)
Execution of job "scheduled_monitor (trigger: interval[0:00:30], next run at: 2026-04-27 21:47:01 WAT)" skipped: maximum number of running instances reached (1)
Execution of job "scheduled_monitor (trigger: interval[0:00:30], next run at: 2026-04-27 21:47:31 WAT)" skipped: maximum number of running instances reached (1)
Execution of job "scheduled_monitor (trigger: interval[0:00:30], next run at: 2026-04-27 21:48:01 WAT)" skipped: maximum number of running instances reached (1)
Execution of job "scheduled_monitor (trigger: interval[0:00:30], next run at: 2026-04-27 21:48:31 WAT)" skipped: maximum number of running instances reached (1)
Execution of job "scheduled_monitor (trigger: interval[0:00:30], next run at: 2026-04-27 21:49:01 WAT)" skipped: maximum number of running instances reached (1)
Execution of job "scheduled_monitor (trigger: interval[0:00:30], next run at: 2026-04-27 21:49:31 WAT)" skipped: maximum number of running instances reached (1)
Execution of job "scheduled_monitor (trigger: interval[0:00:30], next run at: 2026-04-27 21:50:01 WAT)" skipped: maximum number of running instances reached (1)
Execution of job "scheduled_monitor (trigger: interval[0:00:30], next run at: 2026-04-27 21:50:31 WAT)" skipped: maximum number of running instances reached (1)
Execution of job "scheduled_monitor (trigger: interval[0:00:30], next run at: 2026-04-27 21:51:01 WAT)" skipped: maximum number of running instances reached (1)
Execution of job "scheduled_monitor (trigger: interval[0:00:30], next run at: 2026-04-27 21:51:31 WAT)" skipped: maximum number of running instances reached (1)
Execution of job "scheduled_monitor (trigger: interval[0:00:30], next run at: 2026-04-27 21:52:01 WAT)" skipped: maximum number of running instances reached (1)
Execution of job "scheduled_monitor (trigger: interval[0:00:30], next run at: 2026-04-27 21:52:31 WAT)" skipped: maximum number of running instances reached (1)
Execution of job "scheduled_monitor (trigger: interval[0:00:30], next run at: 2026-04-27 21:53:01 WAT)" skipped: maximum number of running instances reached (1)
Execution of job "scheduled_monitor (trigger: interval[0:00:30], next run at: 2026-04-27 21:53:31 WAT)" skipped: maximum number of running instances reached (1)
Execution of job "scheduled_monitor (trigger: interval[0:00:30], next run at: 2026-04-27 21:54:31 WAT)" skipped: maximum number of running instances reached (1)
Execution of job "scheduled_monitor (trigger: interval[0:00:30], next run at: 2026-04-27 21:55:01 WAT)" skipped: maximum number of running instances reached (1)
Execution of job "scheduled_monitor (trigger: interval[0:00:30], next run at: 2026-04-27 21:55:31 WAT)" skipped: maximum number of running instances reached (1)
Execution of job "scheduled_monitor (trigger: interval[0:00:30], next run at: 2026-04-27 21:56:01 WAT)" skipped: maximum number of running instances reached (1)
Execution of job "scheduled_monitor (trigger: interval[0:00:30], next run at: 2026-04-27 21:56:31 WAT)" skipped: maximum number of running instances reached (1)
Execution of job "scheduled_monitor (trigger: interval[0:00:30], next run at: 2026-04-27 21:57:01 WAT)" skipped: maximum number of running instances reached (1)
Execution of job "scheduled_monitor (trigger: interval[0:00:30], next run at: 2026-04-27 21:57:31 WAT)" skipped: maximum number of running instances reached (1)
Execution of job "scheduled_monitor (trigger: interval[0:00:30], next run at: 2026-04-27 21:58:01 WAT)" skipped: maximum number of running instances reached (1)
Execution of job "scheduled_monitor (trigger: interval[0:00:30], next run at: 2026-04-27 21:58:31 WAT)" skipped: maximum number of running instances reached (1)
Execution of job "scheduled_monitor (trigger: interval[0:00:30], next run at: 2026-04-27 21:59:01 WAT)" skipped: maximum number of running instances reached (1)
Execution of job "scheduled_monitor (trigger: interval[0:00:30], next run at: 2026-04-27 21:59:31 WAT)" skipped: maximum number of running instances reached (1)
Execution of job "scheduled_monitor (trigger: interval[0:00:30], next run at: 2026-04-27 22:00:01 WAT)" skipped: maximum number of running instances reached (1)
Execution of job "scheduled_monitor (trigger: interval[0:00:30], next run at: 2026-04-27 22:00:31 WAT)" skipped: maximum number of running instances reached (1)
Execution of job "scheduled_monitor (trigger: interval[0:00:30], next run at: 2026-04-27 22:01:01 WAT)" skipped: maximum number of running instances reached (1)
Execution of job "scheduled_monitor (trigger: interval[0:00:30], next run at: 2026-04-27 22:01:31 WAT)" skipped: maximum number of running instances reached (1)
Execution of job "scheduled_monitor (trigger: interval[0:00:30], next run at: 2026-04-27 22:02:01 WAT)" skipped: maximum number of running instances reached (1)
Execution of job "scheduled_monitor (trigger: interval[0:00:30], next run at: 2026-04-27 22:03:01 WAT)" skipped: maximum number of running instances reached (1)
Execution of job "scheduled_monitor (trigger: interval[0:00:30], next run at: 2026-04-27 22:03:31 WAT)" skipped: maximum number of running instances reached (1)
Execution of job "scheduled_monitor (trigger: interval[0:00:30], next run at: 2026-04-27 22:04:01 WAT)" skipped: maximum number of running instances reached (1)
Execution of job "scheduled_monitor (trigger: interval[0:00:30], next run at: 2026-04-27 22:04:31 WAT)" skipped: maximum number of running instances reached (1)
Execution of job "scheduled_monitor (trigger: interval[0:00:30], next run at: 2026-04-27 22:05:01 WAT)" skipped: maximum number of running instances reached (1)
Execution of job "scheduled_monitor (trigger: interval[0:00:30], next run at: 2026-04-27 22:05:31 WAT)" skipped: maximum number of running instances reached (1)
Execution of job "scheduled_monitor (trigger: interval[0:00:30], next run at: 2026-04-27 22:06:01 WAT)" skipped: maximum number of running instances reached (1)
Execution of job "scheduled_monitor (trigger: interval[0:00:30], next run at: 2026-04-27 22:06:31 WAT)" skipped: maximum number of running instances reached (1)
Execution of job "scheduled_monitor (trigger: interval[0:00:30], next run at: 2026-04-27 22:07:01 WAT)" skipped: maximum number of running instances reached (1)
Execution of job "scheduled_monitor (trigger: interval[0:00:30], next run at: 2026-04-27 22:07:31 WAT)" skipped: maximum number of running instances reached (1)
Execution of job "scheduled_monitor (trigger: interval[0:00:30], next run at: 2026-04-27 22:08:01 WAT)" skipped: maximum number of running instances reached (1)
Execution of job "scheduled_monitor (trigger: interval[0:00:30], next run at: 2026-04-27 22:08:31 WAT)" skipped: maximum number of running instances reached (1)
Execution of job "scheduled_monitor (trigger: interval[0:00:30], next run at: 2026-04-27 22:09:01 WAT)" skipped: maximum number of running instances reached (1)
Execution of job "scheduled_monitor (trigger: interval[0:00:30], next run at: 2026-04-27 22:09:31 WAT)" skipped: maximum number of running instances reached (1)
